This is pdfTeX, Version 3.14159265-2.6-1.40.16 (TeX Live 2015) (preloaded format=pdflatex 2016.12.22)  28 APR 2017 10:25
entering extended mode
 restricted \write18 enabled.
 %&-line parsing enabled.
**template.tex
(./template.tex
LaTeX2e <2015/01/01>
Babel <3.9l> and hyphenation patterns for 79 languages loaded.
(/usr/local/texlive/2015/texmf-dist/tex/latex/base/article.cls
Document Class: article 2014/09/29 v1.4h Standard LaTeX document class
(/usr/local/texlive/2015/texmf-dist/tex/latex/base/size10.clo
File: size10.clo 2014/09/29 v1.4h Standard LaTeX file (size option)
)
\c@part=\count79
\c@section=\count80
\c@subsection=\count81
\c@subsubsection=\count82
\c@paragraph=\count83
\c@subparagraph=\count84
\c@figure=\count85
\c@table=\count86
\abovecaptionskip=\skip41
\belowcaptionskip=\skip42
\bibindent=\dimen102
)
(/usr/local/texlive/2015/texmf-dist/tex/latex/psnfss/times.sty
Package: times 2005/04/12 PSNFSS-v9.2a (SPQR) 
)
(/usr/local/texlive/2015/texmf-dist/tex/latex/url/url.sty
\Urlmuskip=\muskip10
Package: url 2013/09/16  ver 3.4  Verb mode for urls, etc.
)
(/usr/local/texlive/2015/texmf-dist/tex/latex/graphics/graphicx.sty
Package: graphicx 2014/10/28 v1.0g Enhanced LaTeX Graphics (DPC,SPQR)

(/usr/local/texlive/2015/texmf-dist/tex/latex/graphics/keyval.sty
Package: keyval 2014/10/28 v1.15 key=value parser (DPC)
\KV@toks@=\toks14
)
(/usr/local/texlive/2015/texmf-dist/tex/latex/graphics/graphics.sty
Package: graphics 2014/10/28 v1.0p Standard LaTeX Graphics (DPC,SPQR)

(/usr/local/texlive/2015/texmf-dist/tex/latex/graphics/trig.sty
Package: trig 1999/03/16 v1.09 sin cos tan (DPC)
)
(/usr/local/texlive/2015/texmf-dist/tex/latex/latexconfig/graphics.cfg
File: graphics.cfg 2010/04/23 v1.9 graphics configuration of TeX Live
)
Package graphics Info: Driver file: pdftex.def on input line 94.

(/usr/local/texlive/2015/texmf-dist/tex/latex/pdftex-def/pdftex.def
File: pdftex.def 2011/05/27 v0.06d Graphics/color for pdfTeX

(/usr/local/texlive/2015/texmf-dist/tex/generic/oberdiek/infwarerr.sty
Package: infwarerr 2010/04/08 v1.3 Providing info/warning/error messages (HO)
)
(/usr/local/texlive/2015/texmf-dist/tex/generic/oberdiek/ltxcmds.sty
Package: ltxcmds 2011/11/09 v1.22 LaTeX kernel commands for general use (HO)
)
\Gread@gobject=\count87
))
\Gin@req@height=\dimen103
\Gin@req@width=\dimen104
)
(/usr/local/texlive/2015/texmf-dist/tex/latex/caption/subcaption.sty
Package: subcaption 2013/02/03 v1.1-62 Sub-captions (AR)

(/usr/local/texlive/2015/texmf-dist/tex/latex/caption/caption.sty
Package: caption 2013/05/02 v3.3-89 Customizing captions (AR)

(/usr/local/texlive/2015/texmf-dist/tex/latex/caption/caption3.sty
Package: caption3 2013/05/02 v1.6-88 caption3 kernel (AR)
Package caption3 Info: TeX engine: e-TeX on input line 57.
\captionmargin=\dimen105
\captionmargin@=\dimen106
\captionwidth=\dimen107
\caption@tempdima=\dimen108
\caption@indent=\dimen109
\caption@parindent=\dimen110
\caption@hangindent=\dimen111
)
\c@ContinuedFloat=\count88
)
\c@subfigure=\count89
\c@subtable=\count90
)
(/usr/local/texlive/2015/texmf-dist/tex/latex/graphics/color.sty
Package: color 2014/10/28 v1.1a Standard LaTeX Color (DPC)

(/usr/local/texlive/2015/texmf-dist/tex/latex/latexconfig/color.cfg
File: color.cfg 2007/01/18 v1.5 color configuration of teTeX/TeXLive
)
Package color Info: Driver file: pdftex.def on input line 142.
)
(/usr/local/texlive/2015/texmf-dist/tex/latex/float/float.sty
Package: float 2001/11/08 v1.3d Float enhancements (AL)
\c@float@type=\count91
\float@exts=\toks15
\float@box=\box26
\@float@everytoks=\toks16
\@floatcapt=\box27
)
(/usr/local/texlive/2015/texmf-dist/tex/latex/amsmath/amsmath.sty
Package: amsmath 2013/01/14 v2.14 AMS math features
\@mathmargin=\skip43

For additional information on amsmath, use the `?' option.
(/usr/local/texlive/2015/texmf-dist/tex/latex/amsmath/amstext.sty
Package: amstext 2000/06/29 v2.01

(/usr/local/texlive/2015/texmf-dist/tex/latex/amsmath/amsgen.sty
File: amsgen.sty 1999/11/30 v2.0
\@emptytoks=\toks17
\ex@=\dimen112
))
(/usr/local/texlive/2015/texmf-dist/tex/latex/amsmath/amsbsy.sty
Package: amsbsy 1999/11/29 v1.2d
\pmbraise@=\dimen113
)
(/usr/local/texlive/2015/texmf-dist/tex/latex/amsmath/amsopn.sty
Package: amsopn 1999/12/14 v2.01 operator names
)
\inf@bad=\count92
LaTeX Info: Redefining \frac on input line 210.
\uproot@=\count93
\leftroot@=\count94
LaTeX Info: Redefining \overline on input line 306.
\classnum@=\count95
\DOTSCASE@=\count96
LaTeX Info: Redefining \ldots on input line 378.
LaTeX Info: Redefining \dots on input line 381.
LaTeX Info: Redefining \cdots on input line 466.
\Mathstrutbox@=\box28
\strutbox@=\box29
\big@size=\dimen114
LaTeX Font Info:    Redeclaring font encoding OML on input line 566.
LaTeX Font Info:    Redeclaring font encoding OMS on input line 567.
\macc@depth=\count97
\c@MaxMatrixCols=\count98
\dotsspace@=\muskip11
\c@parentequation=\count99
\dspbrk@lvl=\count100
\tag@help=\toks18
\row@=\count101
\column@=\count102
\maxfields@=\count103
\andhelp@=\toks19
\eqnshift@=\dimen115
\alignsep@=\dimen116
\tagshift@=\dimen117
\tagwidth@=\dimen118
\totwidth@=\dimen119
\lineht@=\dimen120
\@envbody=\toks20
\multlinegap=\skip44
\multlinetaggap=\skip45
\mathdisplay@stack=\toks21
LaTeX Info: Redefining \[ on input line 2665.
LaTeX Info: Redefining \] on input line 2666.
)
(/usr/local/texlive/2015/texmf-dist/tex/latex/algorithms/algorithm.sty
Package: algorithm 2009/08/24 v0.1 Document Style `algorithm' - floating enviro
nment

(/usr/local/texlive/2015/texmf-dist/tex/latex/base/ifthen.sty
Package: ifthen 2014/09/29 v1.1c Standard LaTeX ifthen package (DPC)
)
\@float@every@algorithm=\toks22
\c@algorithm=\count104
)
(/usr/local/texlive/2015/texmf-dist/tex/latex/enumitem/enumitem.sty
Package: enumitem 2011/09/28 v3.5.2 Customized lists
\labelindent=\skip46
\enit@outerparindent=\dimen121
\enit@toks=\toks23
\enit@inbox=\box30
\enitdp@description=\count105
)
(/usr/local/texlive/2015/texmf-dist/tex/latex/algorithmicx/algpseudocode.sty
Package: algpseudocode 

(/usr/local/texlive/2015/texmf-dist/tex/latex/algorithmicx/algorithmicx.sty
Package: algorithmicx 2005/04/27 v1.2 Algorithmicx

Document Style algorithmicx 1.2 - a greatly improved `algorithmic' style
\c@ALG@line=\count106
\c@ALG@rem=\count107
\c@ALG@nested=\count108
\ALG@tlm=\skip47
\ALG@thistlm=\skip48
\c@ALG@Lnr=\count109
\c@ALG@blocknr=\count110
\c@ALG@storecount=\count111
\c@ALG@tmpcounter=\count112
\ALG@tmplength=\skip49
)
Document Style - pseudocode environments for use with the `algorithmicx' style
) (./template.aux)
\openout1 = `template.aux'.

LaTeX Font Info:    Checking defaults for OML/cmm/m/it on input line 24.
LaTeX Font Info:    ... okay on input line 24.
LaTeX Font Info:    Checking defaults for T1/cmr/m/n on input line 24.
LaTeX Font Info:    ... okay on input line 24.
LaTeX Font Info:    Checking defaults for OT1/cmr/m/n on input line 24.
LaTeX Font Info:    ... okay on input line 24.
LaTeX Font Info:    Checking defaults for OMS/cmsy/m/n on input line 24.
LaTeX Font Info:    ... okay on input line 24.
LaTeX Font Info:    Checking defaults for OMX/cmex/m/n on input line 24.
LaTeX Font Info:    ... okay on input line 24.
LaTeX Font Info:    Checking defaults for U/cmr/m/n on input line 24.
LaTeX Font Info:    ... okay on input line 24.
LaTeX Font Info:    Try loading font information for OT1+ptm on input line 24.

(/usr/local/texlive/2015/texmf-dist/tex/latex/psnfss/ot1ptm.fd
File: ot1ptm.fd 2001/06/04 font definitions for OT1/ptm.
)
(/usr/local/texlive/2015/texmf-dist/tex/context/base/supp-pdf.mkii
[Loading MPS to PDF converter (version 2006.09.02).]
\scratchcounter=\count113
\scratchdimen=\dimen122
\scratchbox=\box31
\nofMPsegments=\count114
\nofMParguments=\count115
\everyMPshowfont=\toks24
\MPscratchCnt=\count116
\MPscratchDim=\dimen123
\MPnumerator=\count117
\makeMPintoPDFobject=\count118
\everyMPtoPDFconversion=\toks25
) (/usr/local/texlive/2015/texmf-dist/tex/generic/oberdiek/pdftexcmds.sty
Package: pdftexcmds 2011/11/29 v0.20 Utility functions of pdfTeX for LuaTeX (HO
)

(/usr/local/texlive/2015/texmf-dist/tex/generic/oberdiek/ifluatex.sty
Package: ifluatex 2010/03/01 v1.3 Provides the ifluatex switch (HO)
Package ifluatex Info: LuaTeX not detected.
)
(/usr/local/texlive/2015/texmf-dist/tex/generic/oberdiek/ifpdf.sty
Package: ifpdf 2011/01/30 v2.3 Provides the ifpdf switch (HO)
Package ifpdf Info: pdfTeX in PDF mode is detected.
)
Package pdftexcmds Info: LuaTeX not detected.
Package pdftexcmds Info: \pdf@primitive is available.
Package pdftexcmds Info: \pdf@ifprimitive is available.
Package pdftexcmds Info: \pdfdraftmode found.
)
(/usr/local/texlive/2015/texmf-dist/tex/latex/oberdiek/epstopdf-base.sty
Package: epstopdf-base 2010/02/09 v2.5 Base part for package epstopdf

(/usr/local/texlive/2015/texmf-dist/tex/latex/oberdiek/grfext.sty
Package: grfext 2010/08/19 v1.1 Manage graphics extensions (HO)

(/usr/local/texlive/2015/texmf-dist/tex/generic/oberdiek/kvdefinekeys.sty
Package: kvdefinekeys 2011/04/07 v1.3 Define keys (HO)
))
(/usr/local/texlive/2015/texmf-dist/tex/latex/oberdiek/kvoptions.sty
Package: kvoptions 2011/06/30 v3.11 Key value format for package options (HO)

(/usr/local/texlive/2015/texmf-dist/tex/generic/oberdiek/kvsetkeys.sty
Package: kvsetkeys 2012/04/25 v1.16 Key value parser (HO)

(/usr/local/texlive/2015/texmf-dist/tex/generic/oberdiek/etexcmds.sty
Package: etexcmds 2011/02/16 v1.5 Avoid name clashes with e-TeX commands (HO)
Package etexcmds Info: Could not find \expanded.
(etexcmds)             That can mean that you are not using pdfTeX 1.50 or
(etexcmds)             that some package has redefined \expanded.
(etexcmds)             In the latter case, load this package earlier.
)))
Package grfext Info: Graphics extension search list:
(grfext)             [.png,.pdf,.jpg,.mps,.jpeg,.jbig2,.jb2,.PNG,.PDF,.JPG,.JPE
G,.JBIG2,.JB2,.eps]
(grfext)             \AppendGraphicsExtensions on input line 452.

(/usr/local/texlive/2015/texmf-dist/tex/latex/latexconfig/epstopdf-sys.cfg
File: epstopdf-sys.cfg 2010/07/13 v1.3 Configuration of (r)epstopdf for TeX Liv
e
))
Package caption Info: Begin \AtBeginDocument code.
Package caption Info: float package is loaded.
Package caption Info: End \AtBeginDocument code.

(./tex/abstract.tex
LaTeX Font Info:    Font shape `OT1/ptm/bx/n' in size <14.4> not available
(Font)              Font shape `OT1/ptm/b/n' tried instead on input line 1.
) (./tex/intro.tex) (./tex/motivation.tex
LaTeX Font Info:    Font shape `OT1/ptm/bx/n' in size <12> not available
(Font)              Font shape `OT1/ptm/b/n' tried instead on input line 4.
LaTeX Font Info:    Font shape `OT1/ptm/bx/n' in size <10> not available
(Font)              Font shape `OT1/ptm/b/n' tried instead on input line 16.

<fig/shuffle_process.pdf, id=1, 880.23975pt x 496.13567pt>
File: fig/shuffle_process.pdf Graphic file (type pdf)

<use fig/shuffle_process.pdf>
Package pdftex.def Info: fig/shuffle_process.pdf used on input line 24.
(pdftex.def)             Requested size: 229.87749pt x 129.56758pt.
 <fig/util.pdf, id=2, 602.57611pt x 164.89284pt>
File: fig/util.pdf Graphic file (type pdf)

<use fig/util.pdf>
Package pdftex.def Info: fig/util.pdf used on input line 30.
(pdftex.def)             Requested size: 469.75499pt x 128.54794pt.
LaTeX Font Info:    Try loading font information for OT1+pcr on input line 43.

(/usr/local/texlive/2015/texmf-dist/tex/latex/psnfss/ot1pcr.fd
File: ot1pcr.fd 2001/06/04 font definitions for OT1/pcr.
) [1{/usr/local/texlive/2015/texmf-var/fonts/map/pdftex/updmap/pdftex.map}


 <./fig/shuffle_process.pdf>] [2 <./fig/util.pdf>]) (./tex/optimization.tex
LaTeX Font Info:    Try loading font information for OMS+ptm on input line 4.

(/usr/local/texlive/2015/texmf-dist/tex/latex/psnfss/omsptm.fd
File: omsptm.fd 
)
LaTeX Font Info:    Font shape `OMS/ptm/m/n' in size <10> not available
(Font)              Font shape `OMS/cmsy/m/n' tried instead on input line 4.


pdfTeX warning: /Library/TeX/texbin/pdflatex (file ./fig/shuffle_size.pdf): PDF
 inclusion: found PDF version <1.7>, but at most version <1.5> allowed
<fig/shuffle_size.pdf, id=128, 691.01375pt x 504.97137pt>
File: fig/shuffle_size.pdf Graphic file (type pdf)

<use fig/shuffle_size.pdf>
Package pdftex.def Info: fig/shuffle_size.pdf used on input line 18.
(pdftex.def)             Requested size: 159.71497pt x 116.71115pt.


pdfTeX warning: /Library/TeX/texbin/pdflatex (file ./fig/reduce_cdf.pdf): PDF i
nclusion: found PDF version <1.7>, but at most version <1.5> allowed
<fig/reduce_cdf.pdf, id=129, 605.73904pt x 481.37773pt>
File: fig/reduce_cdf.pdf Graphic file (type pdf)

<use fig/reduce_cdf.pdf>
Package pdftex.def Info: fig/reduce_cdf.pdf used on input line 26.
(pdftex.def)             Requested size: 152.66893pt x 121.32104pt.


pdfTeX warning: /Library/TeX/texbin/pdflatex (file ./fig/sim.pdf): PDF inclusio
n: found PDF version <1.7>, but at most version <1.5> allowed
<fig/sim.pdf, id=130, 658.43481pt x 473.25058pt>
File: fig/sim.pdf Graphic file (type pdf)
 <use fig/sim.pdf>
Package pdftex.def Info: fig/sim.pdf used on input line 31.
(pdftex.def)             Requested size: 152.66893pt x 109.72632pt.

Overfull \hbox (1.90001pt too wide) in paragraph at lines 25--35
[]$[]$ $[]$ 
 []

[3]
Underfull \vbox (badness 6927) has occurred while \output is active []

LaTeX Font Info:    Font shape `OT1/ptm/bx/n' in size <9> not available
(Font)              Font shape `OT1/ptm/b/n' tried instead on input line 66.

Underfull \hbox (badness 1424) in paragraph at lines 58--119
\OT1/ptm/m/n/10 be-cause the stan-dard de-vi-a-tion of the pre-dic-tion re-
 []

[4 <./fig/shuffle_size.pdf> <./fig/reduce_cdf.pdf> <./fig/sim.pdf>]
Underfull \hbox (badness 1270) in paragraph at lines 125--126
[]\OT1/ptm/m/n/10 This al-go-rithm can be di-vided into two round of
 []

<fig/shuffle.pdf, id=168, 571.85954pt x 312.46466pt>
File: fig/shuffle.pdf Graphic file (type pdf)
 <use fig/shuffle.pdf>
Package pdftex.def Info: fig/shuffle.pdf used on input line 131.
(pdftex.def)             Requested size: 229.87749pt x 125.60823pt.


pdfTeX warning: /Library/TeX/texbin/pdflatex (file ./fig/hash_pre.pdf): PDF inc
lusion: found PDF version <1.7>, but at most version <1.5> allowed
<fig/hash_pre.pdf, id=169, 726.16466pt x 487.82501pt>
File: fig/hash_pre.pdf Graphic file (type pdf)
 <use fig/hash_pre.pdf>
Package pdftex.def Info: fig/hash_pre.pdf used on input line 139.
(pdftex.def)             Requested size: 150.32503pt x 100.97987pt.


pdfTeX warning: /Library/TeX/texbin/pdflatex (file ./fig/range_pre_sample.pdf):
 PDF inclusion: found PDF version <1.7>, but at most version <1.5> allowed
<fig/range_pre_sample.pdf, id=170, 503.52275pt x 331.1261pt>
File: fig/range_pre_sample.pdf Graphic file (type pdf)

<use fig/range_pre_sample.pdf>
Package pdftex.def Info: fig/range_pre_sample.pdf used on input line 144.
(pdftex.def)             Requested size: 150.32503pt x 98.85355pt.


pdfTeX warning: /Library/TeX/texbin/pdflatex (file ./fig/prediction_relative_er
ror.pdf): PDF inclusion: found PDF version <1.7>, but at most version <1.5> all
owed
<fig/prediction_relative_error.pdf, id=171, 496.69032pt x 334.80582pt>
File: fig/prediction_relative_error.pdf Graphic file (type pdf)

<use fig/prediction_relative_error.pdf>
Package pdftex.def Info: fig/prediction_relative_error.pdf used on input line 1
49.
(pdftex.def)             Requested size: 150.32503pt x 101.32632pt.
 [5]) (./tex/impl.tex [6 <./fig/shuffle.pdf>]
LaTeX Font Info:    Font shape `OT1/ptm/bx/it' in size <10> not available
(Font)              Font shape `OT1/ptm/b/it' tried instead on input line 11.
 <fig/arch.pdf, id=263, 821.91705pt x 510.64507pt>
File: fig/arch.pdf Graphic file (type pdf)
 <use fig/arch.pdf>
Package pdftex.def Info: fig/arch.pdf used on input line 20.
(pdftex.def)             Requested size: 229.87749pt x 142.81601pt.

<fig/sample.pdf, id=264, 473.68448pt x 385.03198pt>
File: fig/sample.pdf Graphic file (type pdf)
 <use fig/sample.pdf>
Package pdftex.def Info: fig/sample.pdf used on input line 26.
(pdftex.def)             Requested size: 229.87749pt x 186.85779pt.

[7 <./fig/hash_pre.pdf> <./fig/range_pre_sample.pdf> <./fig/prediction_relative
_error.pdf> <./fig/arch.pdf>]
Underfull \hbox (badness 1701) in paragraph at lines 44--45
[]\OT1/ptm/m/n/10 Inter shuf-fle units: SCache mas-ter fol-lows the
 []

) (./tex/evaluation.tex [8 <./fig/sample.pdf>]) (./tex/relatedwork.tex
Underfull \hbox (badness 4832) in paragraph at lines 2--3
\OT1/ptm/m/n/10 We sum-ma-rize the shuf-fle op-ti-miza-tion schedul-ing
 []

) (./tex/limitation.tex [9]) (./tex/conclusion.tex) (./template.bbl
Underfull \hbox (badness 1062) in paragraph at lines 4--6
[]\OT1/ptm/m/n/10 Amazon ec2.  $\OT1/pcr/m/n/10 https : / / aws . amazon . com 
/
 []


Underfull \hbox (badness 10000) in paragraph at lines 8--11
[]\OT1/ptm/m/n/10 Apache hadoop tu-to-rial.  $\OT1/pcr/m/n/10 http :
 []


Underfull \hbox (badness 10000) in paragraph at lines 8--11
\OT1/pcr/m/n/10 / / hadoop . apache . org / docs /
 []


Underfull \hbox (badness 10000) in paragraph at lines 8--11
\OT1/pcr/m/n/10 current / hadoop-[]mapreduce-[]client /
 []


Underfull \hbox (badness 10000) in paragraph at lines 8--11
\OT1/pcr/m/n/10 hadoop-[]mapreduce-[]client-[]core /
 []


Underfull \hbox (badness 7415) in paragraph at lines 17--19
[]\OT1/ptm/m/n/10 Apache spark 1.6.2 con-fig-u-ra-tion.  $\OT1/pcr/m/n/10 http 
:
 []


Underfull \hbox (badness 10000) in paragraph at lines 17--19
\OT1/pcr/m/n/10 / / spark . apache . org / docs / 1 . 6 . 2 /
 []


Underfull \hbox (badness 10000) in paragraph at lines 21--23
[]\OT1/ptm/m/n/10 Opencloud hadoop clus-ter trace.  $\OT1/pcr/m/n/10 http :
 []


Underfull \hbox (badness 10000) in paragraph at lines 21--23
\OT1/pcr/m/n/10 / / ftp . pdl . cmu . edu / pub / datasets /
 []


Underfull \hbox (badness 10000) in paragraph at lines 25--27
[]\OT1/ptm/m/n/10 Spark tera-sort.  $\OT1/pcr/m/n/10 https : / / github . com /

 []


Underfull \hbox (badness 1552) in paragraph at lines 34--38
[]\OT1/ptm/m/n/10 F. Ah-mad, S. T. Chakrad-har, A. Raghu-nathan,
 []


Underfull \hbox (badness 5893) in paragraph at lines 40--45
[]\OT1/ptm/m/n/10 G. Anan-tha-narayanan, A. Gh-odsi, A. Wang,
 []


Underfull \hbox (badness 1043) in paragraph at lines 71--75
[]\OT1/ptm/m/n/10 M. Chowd-hury, Y. Zhong, and I. Sto-ica.  Ef-
 []


Underfull \hbox (badness 2165) in paragraph at lines 82--86
[]\OT1/ptm/m/n/10 E. El-nikety, T. El-sayed, and H. E. Ra-madan.
 []

[10]
Missing character: There is no â in font ptmr7t!
Missing character: There is no € in font ptmr7t!
Missing character: There is no ™ in font ptmr7t!
) [11] (./template.aux) ) 
Here is how much of TeX's memory you used:
 4493 strings out of 493089
 67896 string characters out of 6134841
 148523 words of memory out of 5000000
 7857 multiletter control sequences out of 15000+600000
 32334 words of font info for 64 fonts, out of 8000000 for 9000
 1141 hyphenation exceptions out of 8191
 42i,13n,40p,1967b,585s stack positions out of 5000i,500n,10000p,200000b,80000s
{/usr/local/texlive/2015/texmf-dist/fonts/enc/dvips/ba
se/8r.enc}</usr/local/texlive/2015/texmf-dist/fonts/type1/public/amsfonts/cm/cm
ex10.pfb></usr/local/texlive/2015/texmf-dist/fonts/type1/public/amsfonts/cm/cmm
i10.pfb></usr/local/texlive/2015/texmf-dist/fonts/type1/public/amsfonts/cm/cmmi
7.pfb></usr/local/texlive/2015/texmf-dist/fonts/type1/public/amsfonts/cm/cmmi9.
pfb></usr/local/texlive/2015/texmf-dist/fonts/type1/public/amsfonts/cm/cmr10.pf
b></usr/local/texlive/2015/texmf-dist/fonts/type1/public/amsfonts/cm/cmr6.pfb><
/usr/local/texlive/2015/texmf-dist/fonts/type1/public/amsfonts/cm/cmr7.pfb></us
r/local/texlive/2015/texmf-dist/fonts/type1/public/amsfonts/cm/cmr8.pfb></usr/l
ocal/texlive/2015/texmf-dist/fonts/type1/public/amsfonts/cm/cmr9.pfb></usr/loca
l/texlive/2015/texmf-dist/fonts/type1/public/amsfonts/cm/cmsy10.pfb></usr/local
/texlive/2015/texmf-dist/fonts/type1/public/amsfonts/cm/cmsy9.pfb></usr/local/t
exlive/2015/texmf-dist/fonts/type1/urw/courier/ucrr8a.pfb></usr/local/texlive/2
015/texmf-dist/fonts/type1/urw/times/utmb8a.pfb></usr/local/texlive/2015/texmf-
dist/fonts/type1/urw/times/utmbi8a.pfb></usr/local/texlive/2015/texmf-dist/font
s/type1/urw/times/utmr8a.pfb></usr/local/texlive/2015/texmf-dist/fonts/type1/ur
w/times/utmri8a.pfb>
Output written on template.pdf (11 pages, 2452221 bytes).
PDF statistics:
 439 PDF objects out of 1000 (max. 8388607)
 156 compressed objects within 2 object streams
 0 named destinations out of 1000 (max. 500000)
 56 words of extra memory for PDF output out of 10000 (max. 10000000)

